{
  "0 debug pnpm:scope": {
    "selected": 1
  },
  "1 info pnpm": {
    "err": {
      "name": "Error",
      "message": "not found: instal",
      "code": "ENOENT",
      "stack": "Error: not found: instal\n    at getNotFoundError (/usr/local/pnpm-global/5/node_modules/.pnpm/pnpm@6.17.0/node_modules/pnpm/dist/pnpm.cjs:48028:51)\n    at Function.whichSync [as sync] (/usr/local/pnpm-global/5/node_modules/.pnpm/pnpm@6.17.0/node_modules/pnpm/dist/pnpm.cjs:48105:13)\n    at getCommandAbsolutePathSync (/usr/local/pnpm-global/5/node_modules/.pnpm/pnpm@6.17.0/node_modules/pnpm/dist/pnpm.cjs:49670:44)\n    at Object.default_1 [as default] (/usr/local/pnpm-global/5/node_modules/.pnpm/pnpm@6.17.0/node_modules/pnpm/dist/pnpm.cjs:49679:32)\n    at /usr/local/pnpm-global/5/node_modules/.pnpm/pnpm@6.17.0/node_modules/pnpm/dist/pnpm.cjs:129930:34"
    }
  },
  "2 error pnpm": {
    "code": "ERR_PNPM_RECURSIVE_EXEC_FIRST_FAIL",
    "prefix": "/home/workspace/reactjs/coding-practices/debuggingStopwatch",
    "err": {
      "name": "pnpm",
      "message": "not found: instal",
      "code": "ERR_PNPM_RECURSIVE_EXEC_FIRST_FAIL",
      "stack": "Error: not found: instal\n    at getNotFoundError (/usr/local/pnpm-global/5/node_modules/.pnpm/pnpm@6.17.0/node_modules/pnpm/dist/pnpm.cjs:48028:51)\n    at Function.whichSync [as sync] (/usr/local/pnpm-global/5/node_modules/.pnpm/pnpm@6.17.0/node_modules/pnpm/dist/pnpm.cjs:48105:13)\n    at getCommandAbsolutePathSync (/usr/local/pnpm-global/5/node_modules/.pnpm/pnpm@6.17.0/node_modules/pnpm/dist/pnpm.cjs:49670:44)\n    at Object.default_1 [as default] (/usr/local/pnpm-global/5/node_modules/.pnpm/pnpm@6.17.0/node_modules/pnpm/dist/pnpm.cjs:49679:32)\n    at /usr/local/pnpm-global/5/node_modules/.pnpm/pnpm@6.17.0/node_modules/pnpm/dist/pnpm.cjs:129930:34"
    }
  }
}